<?xml version="1.0" encoding="UTF-8"?>
<!-- Generated by org.testng.reporters.JUnitReportReporter -->
<testsuite skipped="0" hostname="DESKTOP-S4HCHPE" name="testCases.usedCars" tests="1" failures="0" timestamp="2021-03-16T14:37:04 IST" time="26.858" errors="0">
  <testcase name="searchUsedCars" time="26.858" classname="testCases.usedCars"/>
  <system-out/>
</testsuite> <!-- testCases.usedCars -->
