<?xml version="1.0" encoding="UTF-8"?>
<!-- Generated by org.testng.reporters.JUnitReportReporter -->
<testsuite skipped="0" hostname="DESKTOP-S4HCHPE" name="testCases.UpcomingBikes" tests="1" failures="0" timestamp="2021-03-17T13:04:37 IST" time="14.196" errors="0">
  <testcase name="searchUpcomingBikes" time="14.196" classname="testCases.UpcomingBikes"/>
  <system-out/>
</testsuite> <!-- testCases.UpcomingBikes -->
