<?xml version="1.0" encoding="UTF-8"?>
<!-- Generated by org.testng.reporters.JUnitReportReporter -->
<testsuite hostname="DESKTOP-OF2LNCP" failures="0" tests="1" name="testCases.Login" time="71.143" errors="0" timestamp="2021-03-26T11:38:17 IST" skipped="0">
  <testcase classname="testCases.Login" name="login" time="71.143"/>
  <system-out/>
</testsuite> <!-- testCases.Login -->
